# JRE version: Java(TM) SE Runtime Environment (7.0_71-b14) (build 1.7.0_71-b14)
# Java VM: Java HotSpot(TM) 64-Bit Server VM (24.71-b01 mixed mode windows-amd64 compressed oops)
Heap
 PSYoungGen      total 116736K, used 73935K [0x00000000f5500000, 0x0000000100000000, 0x0000000100000000)
  eden space 58368K, 100% used [0x00000000f5500000,0x00000000f8e00000,0x00000000f8e00000)
  from space 58368K, 26% used [0x00000000f8e00000,0x00000000f9d33e58,0x00000000fc700000)
  to   space 58368K, 0% used [0x00000000fc700000,0x00000000fc700000,0x0000000100000000)
 ParOldGen       total 349184K, used 279432K [0x00000000e0000000, 0x00000000f5500000, 0x00000000f5500000)
  object space 349184K, 80% used [0x00000000e0000000,0x00000000f10e2290,0x00000000f5500000)
 PSPermGen       total 224256K, used 224157K [0x00000000d0000000, 0x00000000ddb00000, 0x00000000e0000000)
  object space 224256K, 99% used [0x00000000d0000000,0x00000000ddae7550,0x00000000ddb00000)
GC Heap History (10 events):
Event: 1032.269 GC heap before
{Heap before GC invocations=146 (full 25):
 PSYoungGen      total 116736K, used 104595K [0x00000000f5500000, 0x0000000100000000, 0x0000000100000000)
  eden space 58368K, 100% used [0x00000000f5500000,0x00000000f8e00000,0x00000000f8e00000)
  from space 58368K, 79% used [0x00000000fc700000,0x00000000ff424e20,0x0000000100000000)
  to   space 58368K, 0% used [0x00000000f8e00000,0x00000000f8e00000,0x00000000fc700000)
 ParOldGen       total 349184K, used 238396K [0x00000000e0000000, 0x00000000f5500000, 0x00000000f5500000)
  object space 349184K, 68% used [0x00000000e0000000,0x00000000ee8cf140,0x00000000f5500000)
 PSPermGen       total 221696K, used 221203K [0x00000000d0000000, 0x00000000dd880000, 0x00000000e0000000)
  object space 221696K, 99% used [0x00000000d0000000,0x00000000dd804ca8,0x00000000dd880000)
Event: 1032.302 GC heap after
Heap after GC invocations=146 (full 25):
 PSYoungGen      total 116736K, used 40435K [0x00000000f5500000, 0x0000000100000000, 0x0000000100000000)
  eden space 58368K, 0% used [0x00000000f5500000,0x00000000f5500000,0x00000000f8e00000)
  from space 58368K, 69% used [0x00000000f8e00000,0x00000000fb57cc60,0x00000000fc700000)
  to   space 58368K, 0% used [0x00000000fc700000,0x00000000fc700000,0x0000000100000000)
 ParOldGen       total 349184K, used 244924K [0x00000000e0000000, 0x00000000f5500000, 0x00000000f5500000)
  object space 349184K, 70% used [0x00000000e0000000,0x00000000eef2f230,0x00000000f5500000)
 PSPermGen       total 221696K, used 221203K [0x00000000d0000000, 0x00000000dd880000, 0x00000000e0000000)
  object space 221696K, 99% used [0x00000000d0000000,0x00000000dd804ca8,0x00000000dd880000)
}
Event: 1036.313 GC heap before
{Heap before GC invocations=147 (full 25):
 PSYoungGen      total 116736K, used 98803K [0x00000000f5500000, 0x0000000100000000, 0x0000000100000000)
  eden space 58368K, 100% used [0x00000000f5500000,0x00000000f8e00000,0x00000000f8e00000)
  from space 58368K, 69% used [0x00000000f8e00000,0x00000000fb57cc60,0x00000000fc700000)
  to   space 58368K, 0% used [0x00000000fc700000,0x00000000fc700000,0x0000000100000000)
 ParOldGen       total 349184K, used 244924K [0x00000000e0000000, 0x00000000f5500000, 0x00000000f5500000)
  object space 349184K, 70% used [0x00000000e0000000,0x00000000eef2f230,0x00000000f5500000)
 PSPermGen       total 221696K, used 221510K [0x00000000d0000000, 0x00000000dd880000, 0x00000000e0000000)
  object space 221696K, 99% used [0x00000000d0000000,0x00000000dd851be0,0x00000000dd880000)
Event: 1036.343 GC heap after
Heap after GC invocations=147 (full 25):
 PSYoungGen      total 116736K, used 40220K [0x00000000f5500000, 0x0000000100000000, 0x0000000100000000)
  eden space 58368K, 0% used [0x00000000f5500000,0x00000000f5500000,0x00000000f8e00000)
  from space 58368K, 68% used [0x00000000fc700000,0x00000000fee47298,0x0000000100000000)
  to   space 58368K, 0% used [0x00000000f8e00000,0x00000000f8e00000,0x00000000fc700000)
 ParOldGen       total 349184K, used 247104K [0x00000000e0000000, 0x00000000f5500000, 0x00000000f5500000)
  object space 349184K, 70% used [0x00000000e0000000,0x00000000ef150308,0x00000000f5500000)
 PSPermGen       total 221696K, used 221510K [0x00000000d0000000, 0x00000000dd880000, 0x00000000e0000000)
  object space 221696K, 99% used [0x00000000d0000000,0x00000000dd851be0,0x00000000dd880000)
}
Event: 1061.532 GC heap before
{Heap before GC invocations=148 (full 25):
 PSYoungGen      total 116736K, used 98588K [0x00000000f5500000, 0x0000000100000000, 0x0000000100000000)
  eden space 58368K, 100% used [0x00000000f5500000,0x00000000f8e00000,0x00000000f8e00000)
  from space 58368K, 68% used [0x00000000fc700000,0x00000000fee47298,0x0000000100000000)
  to   space 58368K, 0% used [0x00000000f8e00000,0x00000000f8e00000,0x00000000fc700000)
 ParOldGen       total 349184K, used 247104K [0x00000000e0000000, 0x00000000f5500000, 0x00000000f5500000)
  object space 349184K, 70% used [0x00000000e0000000,0x00000000ef150308,0x00000000f5500000)
 PSPermGen       total 223744K, used 223455K [0x00000000d0000000, 0x00000000dda80000, 0x00000000e0000000)
  object space 223744K, 99% used [0x00000000d0000000,0x00000000dda37f90,0x00000000dda80000)
Event: 1061.562 GC heap after
Heap after GC invocations=148 (full 25):
 PSYoungGen      total 116736K, used 38344K [0x00000000f5500000, 0x0000000100000000, 0x0000000100000000)
  eden space 58368K, 0% used [0x00000000f5500000,0x00000000f5500000,0x00000000f8e00000)
  from space 58368K, 65% used [0x00000000f8e00000,0x00000000fb372310,0x00000000fc700000)
  to   space 58368K, 0% used [0x00000000fc700000,0x00000000fc700000,0x0000000100000000)
 ParOldGen       total 349184K, used 257078K [0x00000000e0000000, 0x00000000f5500000, 0x00000000f5500000)
  object space 349184K, 73% used [0x00000000e0000000,0x00000000efb0dba8,0x00000000f5500000)
 PSPermGen       total 223744K, used 223455K [0x00000000d0000000, 0x00000000dda80000, 0x00000000e0000000)
  object space 223744K, 99% used [0x00000000d0000000,0x00000000dda37f90,0x00000000dda80000)
}
Event: 1065.596 GC heap before
{Heap before GC invocations=149 (full 25):
 PSYoungGen      total 116736K, used 96712K [0x00000000f5500000, 0x0000000100000000, 0x0000000100000000)
  eden space 58368K, 100% used [0x00000000f5500000,0x00000000f8e00000,0x00000000f8e00000)
  from space 58368K, 65% used [0x00000000f8e00000,0x00000000fb372310,0x00000000fc700000)
  to   space 58368K, 0% used [0x00000000fc700000,0x00000000fc700000,0x0000000100000000)
 ParOldGen       total 349184K, used 257078K [0x00000000e0000000, 0x00000000f5500000, 0x00000000f5500000)
  object space 349184K, 73% used [0x00000000e0000000,0x00000000efb0dba8,0x00000000f5500000)
 PSPermGen       total 224256K, used 223819K [0x00000000d0000000, 0x00000000ddb00000, 0x00000000e0000000)
  object space 224256K, 99% used [0x00000000d0000000,0x00000000dda92d40,0x00000000ddb00000)
Event: 1065.628 GC heap after
Heap after GC invocations=149 (full 25):
 PSYoungGen      total 116736K, used 38543K [0x00000000f5500000, 0x0000000100000000, 0x0000000100000000)
  eden space 58368K, 0% used [0x00000000f5500000,0x00000000f5500000,0x00000000f8e00000)
  from space 58368K, 66% used [0x00000000fc700000,0x00000000feca3e68,0x0000000100000000)
  to   space 58368K, 0% used [0x00000000f8e00000,0x00000000f8e00000,0x00000000fc700000)
 ParOldGen       total 349184K, used 266951K [0x00000000e0000000, 0x00000000f5500000, 0x00000000f5500000)
  object space 349184K, 76% used [0x00000000e0000000,0x00000000f04b1cd8,0x00000000f5500000)
 PSPermGen       total 224256K, used 223819K [0x00000000d0000000, 0x00000000ddb00000, 0x00000000e0000000)
  object space 224256K, 99% used [0x00000000d0000000,0x00000000dda92d40,0x00000000ddb00000)
}
Event: 1070.928 GC heap before
{Heap before GC invocations=150 (full 25):
 PSYoungGen      total 116736K, used 96911K [0x00000000f5500000, 0x0000000100000000, 0x0000000100000000)
  eden space 58368K, 100% used [0x00000000f5500000,0x00000000f8e00000,0x00000000f8e00000)
  from space 58368K, 66% used [0x00000000fc700000,0x00000000feca3e68,0x0000000100000000)
  to   space 58368K, 0% used [0x00000000f8e00000,0x00000000f8e00000,0x00000000fc700000)
 ParOldGen       total 349184K, used 266951K [0x00000000e0000000, 0x00000000f5500000, 0x00000000f5500000)
  object space 349184K, 76% used [0x00000000e0000000,0x00000000f04b1cd8,0x00000000f5500000)
 PSPermGen       total 224256K, used 223922K [0x00000000d0000000, 0x00000000ddb00000, 0x00000000e0000000)
  object space 224256K, 99% used [0x00000000d0000000,0x00000000ddaac938,0x00000000ddb00000)
Event: 1070.958 GC heap after
Heap after GC invocations=150 (full 25):
 PSYoungGen      total 116736K, used 15567K [0x00000000f5500000, 0x0000000100000000, 0x0000000100000000)
  eden space 58368K, 0% used [0x00000000f5500000,0x00000000f5500000,0x00000000f8e00000)
  from space 58368K, 26% used [0x00000000f8e00000,0x00000000f9d33e58,0x00000000fc700000)
  to   space 58368K, 0% used [0x00000000fc700000,0x00000000fc700000,0x0000000100000000)
 ParOldGen       total 349184K, used 279432K [0x00000000e0000000, 0x00000000f5500000, 0x00000000f5500000)
  object space 349184K, 80% used [0x00000000e0000000,0x00000000f10e2290,0x00000000f5500000)
 PSPermGen       total 224256K, used 223922K [0x00000000d0000000, 0x00000000ddb00000, 0x00000000e0000000)
  object space 224256K, 99% used [0x00000000d0000000,0x00000000ddaac938,0x00000000ddb00000)
}

