# JRE version: Java(TM) SE Runtime Environment (7.0_71-b14) (build 1.7.0_71-b14)
# Java VM: Java HotSpot(TM) 64-Bit Server VM (24.71-b01 mixed mode windows-amd64 compressed oops)
Heap
 PSYoungGen      total 136192K, used 28612K [0x00000000f5500000, 0x00000000fdf00000, 0x0000000100000000)
  eden space 131072K, 17% used [0x00000000f5500000,0x00000000f6bf7e40,0x00000000fd500000)
  from space 5120K, 99% used [0x00000000fda00000,0x00000000fdef9498,0x00000000fdf00000)
  to   space 5120K, 0% used [0x00000000fd500000,0x00000000fd500000,0x00000000fda00000)
 ParOldGen       total 85504K, used 26888K [0x00000000e0000000, 0x00000000e5380000, 0x00000000f5500000)
  object space 85504K, 31% used [0x00000000e0000000,0x00000000e1a42078,0x00000000e5380000)
 PSPermGen       total 21504K, used 5738K [0x00000000dae00000, 0x00000000dc300000, 0x00000000e0000000)
  object space 21504K, 26% used [0x00000000dae00000,0x00000000db39ab80,0x00000000dc300000)
GC Heap History (8 events):
Event: 1.705 GC heap before
{Heap before GC invocations=1 (full 0):
 PSYoungGen      total 37888K, used 32768K [0x00000000f5500000, 0x00000000f7f00000, 0x0000000100000000)
  eden space 32768K, 100% used [0x00000000f5500000,0x00000000f7500000,0x00000000f7500000)
  from space 5120K, 0% used [0x00000000f7a00000,0x00000000f7a00000,0x00000000f7f00000)
  to   space 5120K, 0% used [0x00000000f7500000,0x00000000f7500000,0x00000000f7a00000)
 ParOldGen       total 85504K, used 0K [0x00000000e0000000, 0x00000000e5380000, 0x00000000f5500000)
  object space 85504K, 0% used [0x00000000e0000000,0x00000000e0000000,0x00000000e5380000)
 PSPermGen       total 21504K, used 5547K [0x00000000dae00000, 0x00000000dc300000, 0x00000000e0000000)
  object space 21504K, 25% used [0x00000000dae00000,0x00000000db36acd0,0x00000000dc300000)
Event: 1.789 GC heap after
Heap after GC invocations=1 (full 0):
 PSYoungGen      total 37888K, used 5112K [0x00000000f5500000, 0x00000000f9f00000, 0x0000000100000000)
  eden space 32768K, 0% used [0x00000000f5500000,0x00000000f5500000,0x00000000f7500000)
  from space 5120K, 99% used [0x00000000f7500000,0x00000000f79fe050,0x00000000f7a00000)
  to   space 5120K, 0% used [0x00000000f9a00000,0x00000000f9a00000,0x00000000f9f00000)
 ParOldGen       total 85504K, used 1641K [0x00000000e0000000, 0x00000000e5380000, 0x00000000f5500000)
  object space 85504K, 1% used [0x00000000e0000000,0x00000000e019a510,0x00000000e5380000)
 PSPermGen       total 21504K, used 5547K [0x00000000dae00000, 0x00000000dc300000, 0x00000000e0000000)
  object space 21504K, 25% used [0x00000000dae00000,0x00000000db36acd0,0x00000000dc300000)
}
Event: 2.640 GC heap before
{Heap before GC invocations=2 (full 0):
 PSYoungGen      total 37888K, used 37880K [0x00000000f5500000, 0x00000000f9f00000, 0x0000000100000000)
  eden space 32768K, 100% used [0x00000000f5500000,0x00000000f7500000,0x00000000f7500000)
  from space 5120K, 99% used [0x00000000f7500000,0x00000000f79fe050,0x00000000f7a00000)
  to   space 5120K, 0% used [0x00000000f9a00000,0x00000000f9a00000,0x00000000f9f00000)
 ParOldGen       total 85504K, used 1641K [0x00000000e0000000, 0x00000000e5380000, 0x00000000f5500000)
  object space 85504K, 1% used [0x00000000e0000000,0x00000000e019a510,0x00000000e5380000)
 PSPermGen       total 21504K, used 5630K [0x00000000dae00000, 0x00000000dc300000, 0x00000000e0000000)
  object space 21504K, 26% used [0x00000000dae00000,0x00000000db37fbc0,0x00000000dc300000)
Event: 3.491 GC heap after
Heap after GC invocations=2 (full 0):
 PSYoungGen      total 70656K, used 5110K [0x00000000f5500000, 0x00000000f9f00000, 0x0000000100000000)
  eden space 65536K, 0% used [0x00000000f5500000,0x00000000f5500000,0x00000000f9500000)
  from space 5120K, 99% used [0x00000000f9a00000,0x00000000f9efdb90,0x00000000f9f00000)
  to   space 5120K, 0% used [0x00000000f9500000,0x00000000f9500000,0x00000000f9a00000)
 ParOldGen       total 85504K, used 6559K [0x00000000e0000000, 0x00000000e5380000, 0x00000000f5500000)
  object space 85504K, 7% used [0x00000000e0000000,0x00000000e0667f60,0x00000000e5380000)
 PSPermGen       total 21504K, used 5630K [0x00000000dae00000, 0x00000000dc300000, 0x00000000e0000000)
  object space 21504K, 26% used [0x00000000dae00000,0x00000000db37fbc0,0x00000000dc300000)
}
Event: 4.591 GC heap before
{Heap before GC invocations=3 (full 0):
 PSYoungGen      total 70656K, used 70646K [0x00000000f5500000, 0x00000000f9f00000, 0x0000000100000000)
  eden space 65536K, 100% used [0x00000000f5500000,0x00000000f9500000,0x00000000f9500000)
  from space 5120K, 99% used [0x00000000f9a00000,0x00000000f9efdb90,0x00000000f9f00000)
  to   space 5120K, 0% used [0x00000000f9500000,0x00000000f9500000,0x00000000f9a00000)
 ParOldGen       total 85504K, used 6559K [0x00000000e0000000, 0x00000000e5380000, 0x00000000f5500000)
  object space 85504K, 7% used [0x00000000e0000000,0x00000000e0667f60,0x00000000e5380000)
 PSPermGen       total 21504K, used 5699K [0x00000000dae00000, 0x00000000dc300000, 0x00000000e0000000)
  object space 21504K, 26% used [0x00000000dae00000,0x00000000db390f20,0x00000000dc300000)
Event: 5.020 GC heap after
Heap after GC invocations=3 (full 0):
 PSYoungGen      total 70656K, used 5115K [0x00000000f5500000, 0x00000000fdf00000, 0x0000000100000000)
  eden space 65536K, 0% used [0x00000000f5500000,0x00000000f5500000,0x00000000f9500000)
  from space 5120K, 99% used [0x00000000f9500000,0x00000000f99fef20,0x00000000f9a00000)
  to   space 5120K, 0% used [0x00000000fda00000,0x00000000fda00000,0x00000000fdf00000)
 ParOldGen       total 85504K, used 16442K [0x00000000e0000000, 0x00000000e5380000, 0x00000000f5500000)
  object space 85504K, 19% used [0x00000000e0000000,0x00000000e100eb98,0x00000000e5380000)
 PSPermGen       total 21504K, used 5699K [0x00000000dae00000, 0x00000000dc300000, 0x00000000e0000000)
  object space 21504K, 26% used [0x00000000dae00000,0x00000000db390f20,0x00000000dc300000)
}
Event: 5.808 GC heap before
{Heap before GC invocations=4 (full 0):
 PSYoungGen      total 70656K, used 70651K [0x00000000f5500000, 0x00000000fdf00000, 0x0000000100000000)
  eden space 65536K, 100% used [0x00000000f5500000,0x00000000f9500000,0x00000000f9500000)
  from space 5120K, 99% used [0x00000000f9500000,0x00000000f99fef20,0x00000000f9a00000)
  to   space 5120K, 0% used [0x00000000fda00000,0x00000000fda00000,0x00000000fdf00000)
 ParOldGen       total 85504K, used 16442K [0x00000000e0000000, 0x00000000e5380000, 0x00000000f5500000)
  object space 85504K, 19% used [0x00000000e0000000,0x00000000e100eb98,0x00000000e5380000)
 PSPermGen       total 21504K, used 5732K [0x00000000dae00000, 0x00000000dc300000, 0x00000000e0000000)
  object space 21504K, 26% used [0x00000000dae00000,0x00000000db399188,0x00000000dc300000)
Event: 6.862 GC heap after
Heap after GC invocations=4 (full 0):
 PSYoungGen      total 136192K, used 5093K [0x00000000f5500000, 0x00000000fdf00000, 0x0000000100000000)
  eden space 131072K, 0% used [0x00000000f5500000,0x00000000f5500000,0x00000000fd500000)
  from space 5120K, 99% used [0x00000000fda00000,0x00000000fdef9498,0x00000000fdf00000)
  to   space 5120K, 0% used [0x00000000fd500000,0x00000000fd500000,0x00000000fda00000)
 ParOldGen       total 85504K, used 26888K [0x00000000e0000000, 0x00000000e5380000, 0x00000000f5500000)
  object space 85504K, 31% used [0x00000000e0000000,0x00000000e1a42078,0x00000000e5380000)
 PSPermGen       total 21504K, used 5732K [0x00000000dae00000, 0x00000000dc300000, 0x00000000e0000000)
  object space 21504K, 26% used [0x00000000dae00000,0x00000000db399188,0x00000000dc300000)
}

